2022-03-24 15:14:48,208 [Worker-0: Loading available Gradle versions] INFO  o.e.b.c.i.u.g.PublishedGradleVersions - Gradle version information cache is out-of-date. Trying to update.
2022-03-24 15:16:58,061 [Worker-0: Loading available Gradle versions] INFO  o.e.b.c.i.u.g.PublishedGradleVersions - Gradle version information cache is out-of-date. Trying to update.
2022-03-24 15:17:09,833 [Worker-3: Initialize Workspace] ERROR o.e.m.c.i.p.ProjectConfigurationManager - Can't create project test at Workspace folder
2022-03-24 15:17:09,839 [Worker-3: Initialize Workspace] INFO  o.e.m.c.i.p.ProjectConfigurationManager - Imported and configured 1 project(s) in 0 sec
2022-03-24 15:18:06,133 [Worker-1: Loading available Gradle versions] INFO  o.e.b.c.i.u.g.PublishedGradleVersions - Gradle version information cache is up-to-date. Trying to read.
2022-03-24 15:18:07,520 [Worker-2: Initialize Workspace] ERROR o.e.m.c.i.p.ProjectConfigurationManager - Can't create project test at Workspace folder
2022-03-24 15:18:07,525 [Worker-2: Initialize Workspace] INFO  o.e.m.c.i.p.ProjectConfigurationManager - Imported and configured 1 project(s) in 0 sec
2022-03-24 15:25:11,650 [Worker-0: Loading available Gradle versions] INFO  o.e.b.c.i.u.g.PublishedGradleVersions - Gradle version information cache is up-to-date. Trying to read.
2022-03-24 15:25:12,944 [Worker-2: Initialize Workspace] ERROR o.e.m.c.i.p.ProjectConfigurationManager - Can't create project test at Workspace folder
2022-03-24 15:25:12,947 [Worker-2: Initialize Workspace] INFO  o.e.m.c.i.p.ProjectConfigurationManager - Imported and configured 1 project(s) in 0 sec
2022-03-24 16:13:30,309 [Worker-0: Loading available Gradle versions] INFO  o.e.b.c.i.u.g.PublishedGradleVersions - Gradle version information cache is up-to-date. Trying to read.
2022-03-24 16:13:31,698 [Worker-2: Initialize Workspace] ERROR o.e.m.c.i.p.ProjectConfigurationManager - Can't create project test at Workspace folder
2022-03-24 16:13:31,702 [Worker-2: Initialize Workspace] INFO  o.e.m.c.i.p.ProjectConfigurationManager - Imported and configured 1 project(s) in 0 sec
2022-03-24 16:22:34,569 [Worker-2: Loading available Gradle versions] INFO  o.e.b.c.i.u.g.PublishedGradleVersions - Gradle version information cache is up-to-date. Trying to read.
2022-03-24 16:22:35,920 [Worker-0: Initialize Workspace] ERROR o.e.m.c.i.p.ProjectConfigurationManager - Can't create project test at Workspace folder
2022-03-24 16:22:35,924 [Worker-0: Initialize Workspace] INFO  o.e.m.c.i.p.ProjectConfigurationManager - Imported and configured 1 project(s) in 0 sec
2022-03-24 16:59:54,064 [Worker-2: Loading available Gradle versions] INFO  o.e.b.c.i.u.g.PublishedGradleVersions - Gradle version information cache is up-to-date. Trying to read.
2022-03-24 16:59:55,455 [Worker-0: Initialize Workspace] ERROR o.e.m.c.i.p.ProjectConfigurationManager - Can't create project test at Workspace folder
2022-03-24 16:59:55,459 [Worker-0: Initialize Workspace] INFO  o.e.m.c.i.p.ProjectConfigurationManager - Imported and configured 1 project(s) in 0 sec
2022-03-24 17:02:17,220 [Worker-2: Loading available Gradle versions] INFO  o.e.b.c.i.u.g.PublishedGradleVersions - Gradle version information cache is up-to-date. Trying to read.
2022-03-24 17:02:18,624 [Worker-0: Initialize Workspace] ERROR o.e.m.c.i.p.ProjectConfigurationManager - Can't create project test at Workspace folder
2022-03-24 17:02:18,628 [Worker-0: Initialize Workspace] INFO  o.e.m.c.i.p.ProjectConfigurationManager - Imported and configured 1 project(s) in 0 sec
2022-03-24 17:03:10,997 [Worker-1: Loading available Gradle versions] INFO  o.e.b.c.i.u.g.PublishedGradleVersions - Gradle version information cache is up-to-date. Trying to read.
2022-03-24 17:03:12,375 [Worker-2: Initialize Workspace] ERROR o.e.m.c.i.p.ProjectConfigurationManager - Can't create project test at Workspace folder
2022-03-24 17:03:12,379 [Worker-2: Initialize Workspace] INFO  o.e.m.c.i.p.ProjectConfigurationManager - Imported and configured 1 project(s) in 0 sec
2022-03-25 00:04:47,231 [Worker-2: Loading available Gradle versions] INFO  o.e.b.c.i.u.g.PublishedGradleVersions - Gradle version information cache is up-to-date. Trying to read.
2022-03-25 00:04:48,609 [Worker-0: Initialize Workspace] ERROR o.e.m.c.i.p.ProjectConfigurationManager - Can't create project test at Workspace folder
2022-03-25 00:04:48,613 [Worker-0: Initialize Workspace] INFO  o.e.m.c.i.p.ProjectConfigurationManager - Imported and configured 1 project(s) in 0 sec
2022-04-03 22:10:21,871 [Worker-2: Loading available Gradle versions] INFO  o.e.b.c.i.u.g.PublishedGradleVersions - Gradle version information cache is out-of-date. Trying to update.
2022-04-03 22:10:24,463 [Worker-3: Initialize Workspace] WARN  o.e.m.c.i.markers.MarkerUtils - Could not find OSGI service for org.eclipse.m2e.core.internal.markers.IEditorMarkerService
2022-04-03 22:10:25,199 [Worker-3: Initialize Workspace] INFO  o.e.m.c.i.l.LifecycleMappingFactory - Using org.eclipse.m2e.jdt.JarLifecycleMapping lifecycle mapping for MavenProject: com.santinoyanz.top:test:1.0-SNAPSHOT @ /Users/santinoyanz/test/pom.xml.
2022-04-03 22:10:25,352 [Worker-3: Initialize Workspace] INFO  o.e.m.j.i.AbstractJavaProjectConfigurator - Adding source folder /test/src/main/java
2022-04-03 22:10:25,352 [Worker-3: Initialize Workspace] INFO  o.e.m.j.i.AbstractJavaProjectConfigurator - Adding source folder /test/src/test/java
2022-04-03 22:10:25,478 [Worker-3: Initialize Workspace] INFO  o.e.m.c.i.p.ProjectConfigurationManager - Imported and configured 1 project(s) in 1 sec
2022-04-03 22:10:26,460 [Worker-2: Building] WARN  o.e.m.c.i.embedder.EclipseLogger - Using platform encoding (US-ASCII actually) to copy filtered resources, i.e. build is platform dependent!
2022-04-03 22:10:26,460 [Worker-2: Building] INFO  o.e.m.c.i.embedder.EclipseLogger - skip non existing resourceDirectory /Users/santinoyanz/test/src/main/resources
2022-04-03 22:10:26,462 [Worker-2: Building] WARN  o.e.m.c.i.embedder.EclipseLogger - Using platform encoding (US-ASCII actually) to copy filtered resources, i.e. build is platform dependent!
2022-04-03 22:10:26,462 [Worker-2: Building] INFO  o.e.m.c.i.embedder.EclipseLogger - skip non existing resourceDirectory /Users/santinoyanz/test/src/test/resources
2022-04-03 22:12:08,059 [Worker-1: Loading available Gradle versions] INFO  o.e.b.c.i.u.g.PublishedGradleVersions - Gradle version information cache is up-to-date. Trying to read.
2022-04-03 22:12:10,618 [Worker-3: Building] WARN  o.e.m.c.i.embedder.EclipseLogger - Using platform encoding (US-ASCII actually) to copy filtered resources, i.e. build is platform dependent!
2022-04-03 22:12:10,618 [Worker-3: Building] INFO  o.e.m.c.i.embedder.EclipseLogger - skip non existing resourceDirectory /Users/santinoyanz/test/src/main/resources
2022-04-03 22:12:10,620 [Worker-3: Building] WARN  o.e.m.c.i.embedder.EclipseLogger - Using platform encoding (US-ASCII actually) to copy filtered resources, i.e. build is platform dependent!
2022-04-03 22:12:10,622 [Worker-3: Building] INFO  o.e.m.c.i.embedder.EclipseLogger - skip non existing resourceDirectory /Users/santinoyanz/test/src/test/resources
2022-04-03 22:16:27,708 [Worker-1: Loading available Gradle versions] INFO  o.e.b.c.i.u.g.PublishedGradleVersions - Gradle version information cache is up-to-date. Trying to read.
2022-04-03 22:16:30,378 [Worker-0: Building] WARN  o.e.m.c.i.embedder.EclipseLogger - Using platform encoding (US-ASCII actually) to copy filtered resources, i.e. build is platform dependent!
2022-04-03 22:16:30,378 [Worker-0: Building] INFO  o.e.m.c.i.embedder.EclipseLogger - skip non existing resourceDirectory /Users/santinoyanz/test/src/main/resources
2022-04-03 22:16:30,380 [Worker-0: Building] WARN  o.e.m.c.i.embedder.EclipseLogger - Using platform encoding (US-ASCII actually) to copy filtered resources, i.e. build is platform dependent!
2022-04-03 22:16:30,380 [Worker-0: Building] INFO  o.e.m.c.i.embedder.EclipseLogger - skip non existing resourceDirectory /Users/santinoyanz/test/src/test/resources
2022-04-03 22:16:37,715 [Worker-0: Loading available Gradle versions] INFO  o.e.b.c.i.u.g.PublishedGradleVersions - Gradle version information cache is up-to-date. Trying to read.
2022-04-03 22:16:39,959 [Worker-0: Building] WARN  o.e.m.c.i.embedder.EclipseLogger - Using platform encoding (US-ASCII actually) to copy filtered resources, i.e. build is platform dependent!
2022-04-03 22:16:39,960 [Worker-0: Building] INFO  o.e.m.c.i.embedder.EclipseLogger - skip non existing resourceDirectory /Users/santinoyanz/test/src/main/resources
2022-04-03 22:16:39,961 [Worker-0: Building] WARN  o.e.m.c.i.embedder.EclipseLogger - Using platform encoding (US-ASCII actually) to copy filtered resources, i.e. build is platform dependent!
2022-04-03 22:16:39,961 [Worker-0: Building] INFO  o.e.m.c.i.embedder.EclipseLogger - skip non existing resourceDirectory /Users/santinoyanz/test/src/test/resources
2022-04-03 22:16:46,820 [Worker-0: Loading available Gradle versions] INFO  o.e.b.c.i.u.g.PublishedGradleVersions - Gradle version information cache is up-to-date. Trying to read.
2022-04-03 22:16:49,220 [Worker-4: Building] WARN  o.e.m.c.i.embedder.EclipseLogger - Using platform encoding (US-ASCII actually) to copy filtered resources, i.e. build is platform dependent!
2022-04-03 22:16:49,221 [Worker-4: Building] INFO  o.e.m.c.i.embedder.EclipseLogger - skip non existing resourceDirectory /Users/santinoyanz/test/src/main/resources
2022-04-03 22:16:49,223 [Worker-4: Building] WARN  o.e.m.c.i.embedder.EclipseLogger - Using platform encoding (US-ASCII actually) to copy filtered resources, i.e. build is platform dependent!
2022-04-03 22:16:49,223 [Worker-4: Building] INFO  o.e.m.c.i.embedder.EclipseLogger - skip non existing resourceDirectory /Users/santinoyanz/test/src/test/resources
2022-04-03 22:18:14,274 [Worker-0: Loading available Gradle versions] INFO  o.e.b.c.i.u.g.PublishedGradleVersions - Gradle version information cache is up-to-date. Trying to read.
2022-04-03 22:18:17,017 [Worker-2: Building] WARN  o.e.m.c.i.embedder.EclipseLogger - Using platform encoding (US-ASCII actually) to copy filtered resources, i.e. build is platform dependent!
2022-04-03 22:18:17,018 [Worker-2: Building] INFO  o.e.m.c.i.embedder.EclipseLogger - skip non existing resourceDirectory /Users/santinoyanz/test/src/main/resources
2022-04-03 22:18:17,019 [Worker-2: Building] WARN  o.e.m.c.i.embedder.EclipseLogger - Using platform encoding (US-ASCII actually) to copy filtered resources, i.e. build is platform dependent!
2022-04-03 22:18:17,019 [Worker-2: Building] INFO  o.e.m.c.i.embedder.EclipseLogger - skip non existing resourceDirectory /Users/santinoyanz/test/src/test/resources
2022-04-03 22:20:31,345 [Worker-0: Loading available Gradle versions] INFO  o.e.b.c.i.u.g.PublishedGradleVersions - Gradle version information cache is up-to-date. Trying to read.
2022-04-03 22:20:33,916 [Worker-1: Building] WARN  o.e.m.c.i.embedder.EclipseLogger - Using platform encoding (US-ASCII actually) to copy filtered resources, i.e. build is platform dependent!
2022-04-03 22:20:33,916 [Worker-1: Building] INFO  o.e.m.c.i.embedder.EclipseLogger - skip non existing resourceDirectory /Users/santinoyanz/test/src/main/resources
2022-04-03 22:20:33,918 [Worker-1: Building] WARN  o.e.m.c.i.embedder.EclipseLogger - Using platform encoding (US-ASCII actually) to copy filtered resources, i.e. build is platform dependent!
2022-04-03 22:20:33,918 [Worker-1: Building] INFO  o.e.m.c.i.embedder.EclipseLogger - skip non existing resourceDirectory /Users/santinoyanz/test/src/test/resources
2022-04-03 22:21:02,921 [Worker-2: Loading available Gradle versions] INFO  o.e.b.c.i.u.g.PublishedGradleVersions - Gradle version information cache is up-to-date. Trying to read.
2022-04-03 22:21:05,357 [Worker-3: Building] WARN  o.e.m.c.i.embedder.EclipseLogger - Using platform encoding (US-ASCII actually) to copy filtered resources, i.e. build is platform dependent!
2022-04-03 22:21:05,358 [Worker-3: Building] INFO  o.e.m.c.i.embedder.EclipseLogger - skip non existing resourceDirectory /Users/santinoyanz/test/src/main/resources
2022-04-03 22:21:05,360 [Worker-3: Building] WARN  o.e.m.c.i.embedder.EclipseLogger - Using platform encoding (US-ASCII actually) to copy filtered resources, i.e. build is platform dependent!
2022-04-03 22:21:05,360 [Worker-3: Building] INFO  o.e.m.c.i.embedder.EclipseLogger - skip non existing resourceDirectory /Users/santinoyanz/test/src/test/resources
2022-04-03 22:21:34,033 [Worker-0: Loading available Gradle versions] INFO  o.e.b.c.i.u.g.PublishedGradleVersions - Gradle version information cache is up-to-date. Trying to read.
2022-04-03 22:21:36,658 [Worker-3: Building] WARN  o.e.m.c.i.embedder.EclipseLogger - Using platform encoding (US-ASCII actually) to copy filtered resources, i.e. build is platform dependent!
2022-04-03 22:21:36,659 [Worker-3: Building] INFO  o.e.m.c.i.embedder.EclipseLogger - skip non existing resourceDirectory /Users/santinoyanz/test/src/main/resources
2022-04-03 22:21:36,660 [Worker-3: Building] WARN  o.e.m.c.i.embedder.EclipseLogger - Using platform encoding (US-ASCII actually) to copy filtered resources, i.e. build is platform dependent!
2022-04-03 22:21:36,661 [Worker-3: Building] INFO  o.e.m.c.i.embedder.EclipseLogger - skip non existing resourceDirectory /Users/santinoyanz/test/src/test/resources
2022-04-03 22:22:18,164 [Worker-1: Loading available Gradle versions] INFO  o.e.b.c.i.u.g.PublishedGradleVersions - Gradle version information cache is up-to-date. Trying to read.
2022-04-03 22:22:21,058 [Worker-2: Building] WARN  o.e.m.c.i.embedder.EclipseLogger - Using platform encoding (US-ASCII actually) to copy filtered resources, i.e. build is platform dependent!
2022-04-03 22:22:21,059 [Worker-2: Building] INFO  o.e.m.c.i.embedder.EclipseLogger - skip non existing resourceDirectory /Users/santinoyanz/test/src/main/resources
2022-04-03 22:22:21,061 [Worker-2: Building] WARN  o.e.m.c.i.embedder.EclipseLogger - Using platform encoding (US-ASCII actually) to copy filtered resources, i.e. build is platform dependent!
2022-04-03 22:22:21,061 [Worker-2: Building] INFO  o.e.m.c.i.embedder.EclipseLogger - skip non existing resourceDirectory /Users/santinoyanz/test/src/test/resources
2022-04-03 22:22:38,855 [Worker-2: Loading available Gradle versions] INFO  o.e.b.c.i.u.g.PublishedGradleVersions - Gradle version information cache is up-to-date. Trying to read.
2022-04-03 22:22:41,468 [Worker-2: Building] WARN  o.e.m.c.i.embedder.EclipseLogger - Using platform encoding (US-ASCII actually) to copy filtered resources, i.e. build is platform dependent!
2022-04-03 22:22:41,468 [Worker-2: Building] INFO  o.e.m.c.i.embedder.EclipseLogger - skip non existing resourceDirectory /Users/santinoyanz/test/src/main/resources
2022-04-03 22:22:41,469 [Worker-2: Building] WARN  o.e.m.c.i.embedder.EclipseLogger - Using platform encoding (US-ASCII actually) to copy filtered resources, i.e. build is platform dependent!
2022-04-03 22:22:41,470 [Worker-2: Building] INFO  o.e.m.c.i.embedder.EclipseLogger - skip non existing resourceDirectory /Users/santinoyanz/test/src/test/resources
2022-04-03 22:26:43,995 [Worker-2: Loading available Gradle versions] INFO  o.e.b.c.i.u.g.PublishedGradleVersions - Gradle version information cache is up-to-date. Trying to read.
2022-04-03 22:26:46,810 [Worker-1: Building] WARN  o.e.m.c.i.embedder.EclipseLogger - Using platform encoding (US-ASCII actually) to copy filtered resources, i.e. build is platform dependent!
2022-04-03 22:26:46,811 [Worker-1: Building] INFO  o.e.m.c.i.embedder.EclipseLogger - skip non existing resourceDirectory /Users/santinoyanz/test/src/main/resources
2022-04-03 22:26:46,813 [Worker-1: Building] WARN  o.e.m.c.i.embedder.EclipseLogger - Using platform encoding (US-ASCII actually) to copy filtered resources, i.e. build is platform dependent!
2022-04-03 22:26:46,813 [Worker-1: Building] INFO  o.e.m.c.i.embedder.EclipseLogger - skip non existing resourceDirectory /Users/santinoyanz/test/src/test/resources
2022-04-03 22:38:43,289 [Worker-2: Loading available Gradle versions] INFO  o.e.b.c.i.u.g.PublishedGradleVersions - Gradle version information cache is up-to-date. Trying to read.
2022-04-03 22:38:45,996 [Worker-3: Building] WARN  o.e.m.c.i.embedder.EclipseLogger - Using platform encoding (US-ASCII actually) to copy filtered resources, i.e. build is platform dependent!
2022-04-03 22:38:45,997 [Worker-3: Building] INFO  o.e.m.c.i.embedder.EclipseLogger - skip non existing resourceDirectory /Users/santinoyanz/test/src/main/resources
2022-04-03 22:38:45,998 [Worker-3: Building] WARN  o.e.m.c.i.embedder.EclipseLogger - Using platform encoding (US-ASCII actually) to copy filtered resources, i.e. build is platform dependent!
2022-04-03 22:38:45,999 [Worker-3: Building] INFO  o.e.m.c.i.embedder.EclipseLogger - skip non existing resourceDirectory /Users/santinoyanz/test/src/test/resources
